<?xml version="1.0" encoding="UTF-8"?>
<testsuite xmlns:xsi="http://www.w3.org/2001/XMLSchema-instance" xsi:schemaLocation="https://maven.apache.org/surefire/maven-surefire-plugin/xsd/surefire-test-report.xsd" name="runner.RunTest" time="31.597" tests="11" errors="0" skipped="0" failures="0">
  <properties>
[...]
</properties>
  <testcase name="Given web editor page is open" classname="Scenario: Verify listitems count" time="0.001"/>
  <testcase name="Given list item count match on Documentpage with DocumnetMap" classname="Scenario: Verify listitems count" time="0"/>
  <testcase name="Scenario: Verify listitems count" classname="Scenario: Verify listitems count" time="0.424"/>
  <testcase name="Given web editor page is open" classname="| Why doesn’t my World Car change gears? |" time="0"/>
  <testcase name="When select Why doesn’t my World Car change gears? in EditorPage" classname="| Why doesn’t my World Car change gears? |" time="0"/>
  <testcase name="Then corresponding tag should highlighted" classname="| Why doesn’t my World Car change gears? |" time="0"/>
  <testcase name="| Why doesn’t my World Car change gears? |" classname="| Why doesn’t my World Car change gears? |" time="0.35"/>
  <testcase name="Given web editor page is open" classname="Scenario: perform add row functionality in table" time="0"/>
  <testcase name="When table is exist on page" classname="Scenario: perform add row functionality in table" time="0"/>
  <testcase name="Then perform add row functionality" classname="Scenario: perform add row functionality in table" time="0"/>
  <testcase name="Scenario: perform add row functionality in table" classname="Scenario: perform add row functionality in table" time="0.308"/>
</testsuite>